{
  "RSpec": {
    "coverage": {
      "/home/hello_world/tic-tac-toe-rb-online-web-sp-000/lib/tic_tac_toe.rb": [
        1,
        25,
        25,
        25,
        25,
        25,
        null,
        null,
        1,
        18654,
        null,
        null,
        1,
        23,
        null,
        null,
        1,
        18731,
        null,
        null,
        1,
        18654,
        21,
        null,
        18633,
        null,
        null,
        null,
        1,
        22,
        22,
        198,
        32,
        null,
        null,
        22,
        null,
        null,
        1,
        21,
        14,
        null,
        7,
        null,
        null,
        null,
        1,
        18654,
        18654,
        18651,
        18651,
        20,
        20,
        null,
        18629,
        null,
        null,
        null,
        1,
        48,
        313,
        16,
        null,
        null,
        null,
        null,
        1,
        0,
        0,
        null,
        null,
        null,
        1,
        12,
        7,
        13,
        11,
        3,
        2,
        null,
        1,
        null,
        null,
        null,
        null,
        null,
        null,
        null,
        null,
        null,
        null,
        null,
        null,
        null,
        null,
        null,
        null,
        null,
        null,
        null,
        null,
        null,
        null,
        null,
        null,
        null,
        null,
        null,
        null,
        null,
        null,
        null,
        null,
        null,
        null,
        null,
        null,
        null,
        null,
        null,
        null,
        1,
        18,
        94,
        null,
        null,
        null,
        1,
        24,
        7,
        17,
        3,
        null,
        null,
        null,
        1,
        22,
        7,
        null,
        null,
        null,
        1,
        null,
        4,
        3,
        3,
        3,
        null,
        null,
        null,
        null,
        null,
        null,
        1,
        null,
        null,
        null,
        null,
        null,
        null,
        null,
        null
      ]
    },
    "timestamp": 1621372437
  }
}
