{
  "RSpec": {
    "coverage": {
      "/home/hello_world/tic-tac-toe-rb-online-web-sp-000/lib/tic_tac_toe.rb": [
        1,
        21,
        21,
        21,
        21,
        21,
        null,
        null,
        1,
        20,
        null,
        null,
        1,
        19,
        null,
        null,
        1,
        209,
        null,
        null,
        1,
        20,
        17,
        null,
        3,
        null,
        null,
        null,
        1,
        18,
        18,
        162,
        27,
        null,
        null,
        18,
        null,
        null,
        1,
        17,
        13,
        null,
        4,
        null,
        null,
        null,
        1,
        17,
        17,
        17,
        17,
        16,
        16,
        null,
        1,
        null,
        null,
        null,
        1,
        79,
        539,
        20,
        null,
        null,
        null,
        null,
        1,
        0,
        0,
        null,
        null,
        null,
        1,
        12,
        14,
        14,
        2,
        12,
        0,
        12,
        null,
        null,
        null,
        null,
        null,
        null,
        null,
        null,
        null,
        null,
        null,
        null,
        null,
        null,
        null,
        null,
        null,
        null,
        null,
        null,
        null,
        null,
        null,
        null,
        null,
        null,
        null,
        null,
        null,
        null,
        null,
        null,
        null,
        null,
        null,
        null,
        null,
        null,
        null,
        null,
        null,
        1,
        33,
        152,
        null,
        null,
        null,
        1,
        40,
        8,
        32,
        5,
        null,
        null,
        null,
        1,
        27,
        11,
        null,
        null,
        null,
        1,
        null,
        4,
        3,
        3,
        3,
        null,
        null,
        null,
        null,
        null,
        null,
        1,
        null,
        null,
        null,
        null,
        null,
        null,
        null,
        null
      ]
    },
    "timestamp": 1621373607
  }
}
